<?xml version="1.0" encoding="UTF-8"?>
<!-- Generated by org.testng.reporters.JUnitReportReporter -->
<testsuite hostname="Rocky" failures="0" tests="1" name="com.qalegendbilling.testscript.HomeTest" time="16.894" errors="0" timestamp="2023-06-24T09:21:00 IST" skipped="0">
  <testcase classname="com.qalegendbilling.testscript.HomeTest" name="tc_005_verifyUserManagementSubTabsAreDisplayed" time="16.894"/>
  <system-out/>
</testsuite> <!-- com.qalegendbilling.testscript.HomeTest -->
