<?xml version="1.0" encoding="UTF-8"?>
<!-- Generated by org.testng.reporters.JUnitReportReporter -->
<testsuite hostname="Rocky" failures="0" tests="1" name="com.qalegendbilling.testscript.HomeTest" time="24.009" errors="0" timestamp="2023-06-24T06:50:53 IST" skipped="0">
  <testcase classname="com.qalegendbilling.testscript.HomeTest" name="tc_004_verifySignoutPage" time="24.009"/>
  <system-out/>
</testsuite> <!-- com.qalegendbilling.testscript.HomeTest -->
