<?xml version="1.0" encoding="UTF-8"?>
<!-- Generated by org.testng.reporters.JUnitReportReporter -->
<testsuite hostname="Rocky" failures="0" tests="2" name="com.qalegendbilling.testscript.ResetTest" time="30.818" errors="0" timestamp="2023-06-22T22:19:25 IST" skipped="0">
  <testcase classname="com.qalegendbilling.testscript.ResetTest" name="tc_003_verifyForgotPassword" time="15.515"/>
  <system-out/>
  <testcase classname="com.qalegendbilling.testscript.ResetTest" name="tc_003_verifyForgotPassword" time="15.303"/>
  <system-out/>
</testsuite> <!-- com.qalegendbilling.testscript.ResetTest -->
