<?xml version="1.0" encoding="UTF-8"?>
<!-- Generated by org.testng.reporters.JUnitReportReporter -->
<testsuite hostname="Rocky" failures="0" tests="1" name="com.qalegendbilling.testscript.LoginTest" time="18.283" errors="0" timestamp="2023-06-23T13:13:57 IST" skipped="0">
  <testcase classname="com.qalegendbilling.testscript.LoginTest" name="tc_001_verifyvalidLogin" time="18.283"/>
  <system-out/>
</testsuite> <!-- com.qalegendbilling.testscript.LoginTest -->
