<?xml version="1.0" encoding="UTF-8"?>
<!-- Generated by org.testng.reporters.JUnitReportReporter -->
<testsuite hostname="Rocky" failures="0" tests="1" name="com.qalegendbilling.testscript.AddUserTest" time="29.958" errors="0" timestamp="2023-06-24T11:15:34 IST" skipped="0">
  <testcase classname="com.qalegendbilling.testscript.AddUserTest" name="tc_006_verifyUsersPage" time="29.958"/>
  <system-out/>
</testsuite> <!-- com.qalegendbilling.testscript.AddUserTest -->
